2015-07-27 17-09-07 ERROR, User failed to Log In
2015-07-27 18-02-42 ERROR, User failed to Log In
2015-07-27 18-02-48 ERROR, User failed to Log In
2015-07-27 19-18-01 ERROR, User failed to Log In
2015-07-27 19-18-07 ERROR, User failed to Log In
2015-07-27 19-18-54 ERROR, $username failed to Log In
2015-07-27 19-19-31 ERROR, meowmix failed to Log In
2015-07-27 19-27-49 ERROR, meowmix failed to Log In
2015-07-27 19-28-10 ERROR, meowmix failed to Log In
2015-07-27 19-28-57 ERROR,  failed to Log In
2015-07-27 19-29-18 ERROR, guest  failed to Log In
2015-07-27 19-29-24 ERROR,  failed to Log In
2015-07-27 19-30-24 ERROR,  failed to Log In
2015-07-27 19-31-14 ERROR,  failed to Log In
2015-07-27 19-31-40 ERROR, james failed to Log In
2015-07-27 19-49-20 ERROR, james failed to Log In
2015-07-27 19-57-44 ERROR, james failed to Log In
2015-07-27 19-59-55 ERROR, minniemouse failed to Log In
2015-07-27 20-05-00 ERROR, james failed to Log In
2015-07-27 20-05-08 INFO, guest successfully logged in
